<?xml version="1.0" encoding="UTF-8"?>
<!-- Generated by org.testng.reporters.JUnitReportReporter -->
<testsuite hostname="DESKTOP-RCGJS44" name="Com.MavenPro.AppTest" tests="1" failures="0" timestamp="5 May 2019 23:10:07 GMT" time="0.003" errors="0">
  <testcase name="shouldAnswerWithTrue" time="0.003" classname="Com.MavenPro.AppTest"/>
</testsuite> <!-- Com.MavenPro.AppTest -->
